<?xml version="1.0" encoding="UTF-8"?>
<testsuite xmlns:xsi="http://www.w3.org/2001/XMLSchema-instance" xsi:noNamespaceSchemaLocation="https://maven.apache.org/surefire/maven-surefire-plugin/xsd/surefire-test-report.xsd" name="TestSuite" time="1.936" tests="24" errors="0" skipped="0" failures="0">
  <properties>
    <property name="gopherProxySet" value="false"/>
    <property name="awt.toolkit" value="sun.lwawt.macosx.LWCToolkit"/>
    <property name="file.encoding.pkg" value="sun.io"/>
    <property name="java.specification.version" value="1.8"/>
    <property name="sun.cpu.isalist" value=""/>
    <property name="sun.jnu.encoding" value="UTF-8"/>
    <property name="java.class.path" value="/Users/Admin/eclipse-workspace/BestBuyAPIAutomation/target/test-classes:/Users/Admin/eclipse-workspace/BestBuyAPIAutomation/target/classes:/Users/Admin/.m2/repository/org/apache/httpcomponents/httpclient/4.5.3/httpclient-4.5.3.jar:/Users/Admin/.m2/repository/commons-logging/commons-logging/1.2/commons-logging-1.2.jar:/Users/Admin/.m2/repository/commons-codec/commons-codec/1.9/commons-codec-1.9.jar:/Users/Admin/.m2/repository/org/apache/httpcomponents/httpcore/4.4.7/httpcore-4.4.7.jar:/Users/Admin/.m2/repository/org/json/json/20180813/json-20180813.jar:/Users/Admin/.m2/repository/org/testng/testng/6.8/testng-6.8.jar:/Users/Admin/.m2/repository/junit/junit/4.10/junit-4.10.jar:/Users/Admin/.m2/repository/org/hamcrest/hamcrest-core/1.1/hamcrest-core-1.1.jar:/Users/Admin/.m2/repository/org/beanshell/bsh/2.0b4/bsh-2.0b4.jar:/Users/Admin/.m2/repository/com/beust/jcommander/1.27/jcommander-1.27.jar:/Users/Admin/.m2/repository/org/yaml/snakeyaml/1.6/snakeyaml-1.6.jar:/Users/Admin/.m2/repository/com/google/guava/guava/27.1-jre/guava-27.1-jre.jar:/Users/Admin/.m2/repository/com/google/guava/failureaccess/1.0.1/failureaccess-1.0.1.jar:/Users/Admin/.m2/repository/com/google/guava/listenablefuture/9999.0-empty-to-avoid-conflict-with-guava/listenablefuture-9999.0-empty-to-avoid-conflict-with-guava.jar:/Users/Admin/.m2/repository/com/google/code/findbugs/jsr305/3.0.2/jsr305-3.0.2.jar:/Users/Admin/.m2/repository/org/checkerframework/checker-qual/2.5.2/checker-qual-2.5.2.jar:/Users/Admin/.m2/repository/com/google/errorprone/error_prone_annotations/2.2.0/error_prone_annotations-2.2.0.jar:/Users/Admin/.m2/repository/com/google/j2objc/j2objc-annotations/1.1/j2objc-annotations-1.1.jar:/Users/Admin/.m2/repository/org/codehaus/mojo/animal-sniffer-annotations/1.17/animal-sniffer-annotations-1.17.jar:/Users/Admin/.m2/repository/com/fasterxml/jackson/core/jackson-databind/2.9.8/jackson-databind-2.9.8.jar:/Users/Admin/.m2/repository/com/fasterxml/jackson/core/jackson-annotations/2.9.0/jackson-annotations-2.9.0.jar:/Users/Admin/.m2/repository/com/fasterxml/jackson/core/jackson-core/2.9.8/jackson-core-2.9.8.jar:"/>
    <property name="java.vm.vendor" value="Oracle Corporation"/>
    <property name="sun.arch.data.model" value="64"/>
    <property name="java.vendor.url" value="http://java.oracle.com/"/>
    <property name="user.timezone" value=""/>
    <property name="user.country.format" value="IN"/>
    <property name="java.vm.specification.version" value="1.8"/>
    <property name="os.name" value="Mac OS X"/>
    <property name="user.country" value="US"/>
    <property name="sun.java.launcher" value="SUN_STANDARD"/>
    <property name="sun.boot.library.path" value="/Library/Java/JavaVirtualMachines/jdk1.8.0_131.jdk/Contents/Home/jre/lib"/>
    <property name="sun.java.command" value="/Users/Admin/eclipse-workspace/BestBuyAPIAutomation/target/surefire/surefirebooter4852216678674016920.jar /Users/Admin/eclipse-workspace/BestBuyAPIAutomation/target/surefire 2019-03-18T19-22-52_885-jvmRun1 surefire5110923954534471473tmp surefire_06040745789340406327tmp"/>
    <property name="surefire.test.class.path" value="/Users/Admin/eclipse-workspace/BestBuyAPIAutomation/target/test-classes:/Users/Admin/eclipse-workspace/BestBuyAPIAutomation/target/classes:/Users/Admin/.m2/repository/org/apache/httpcomponents/httpclient/4.5.3/httpclient-4.5.3.jar:/Users/Admin/.m2/repository/commons-logging/commons-logging/1.2/commons-logging-1.2.jar:/Users/Admin/.m2/repository/commons-codec/commons-codec/1.9/commons-codec-1.9.jar:/Users/Admin/.m2/repository/org/apache/httpcomponents/httpcore/4.4.7/httpcore-4.4.7.jar:/Users/Admin/.m2/repository/org/json/json/20180813/json-20180813.jar:/Users/Admin/.m2/repository/org/testng/testng/6.8/testng-6.8.jar:/Users/Admin/.m2/repository/junit/junit/4.10/junit-4.10.jar:/Users/Admin/.m2/repository/org/hamcrest/hamcrest-core/1.1/hamcrest-core-1.1.jar:/Users/Admin/.m2/repository/org/beanshell/bsh/2.0b4/bsh-2.0b4.jar:/Users/Admin/.m2/repository/com/beust/jcommander/1.27/jcommander-1.27.jar:/Users/Admin/.m2/repository/org/yaml/snakeyaml/1.6/snakeyaml-1.6.jar:/Users/Admin/.m2/repository/com/google/guava/guava/27.1-jre/guava-27.1-jre.jar:/Users/Admin/.m2/repository/com/google/guava/failureaccess/1.0.1/failureaccess-1.0.1.jar:/Users/Admin/.m2/repository/com/google/guava/listenablefuture/9999.0-empty-to-avoid-conflict-with-guava/listenablefuture-9999.0-empty-to-avoid-conflict-with-guava.jar:/Users/Admin/.m2/repository/com/google/code/findbugs/jsr305/3.0.2/jsr305-3.0.2.jar:/Users/Admin/.m2/repository/org/checkerframework/checker-qual/2.5.2/checker-qual-2.5.2.jar:/Users/Admin/.m2/repository/com/google/errorprone/error_prone_annotations/2.2.0/error_prone_annotations-2.2.0.jar:/Users/Admin/.m2/repository/com/google/j2objc/j2objc-annotations/1.1/j2objc-annotations-1.1.jar:/Users/Admin/.m2/repository/org/codehaus/mojo/animal-sniffer-annotations/1.17/animal-sniffer-annotations-1.17.jar:/Users/Admin/.m2/repository/com/fasterxml/jackson/core/jackson-databind/2.9.8/jackson-databind-2.9.8.jar:/Users/Admin/.m2/repository/com/fasterxml/jackson/core/jackson-annotations/2.9.0/jackson-annotations-2.9.0.jar:/Users/Admin/.m2/repository/com/fasterxml/jackson/core/jackson-core/2.9.8/jackson-core-2.9.8.jar:"/>
    <property name="sun.cpu.endian" value="little"/>
    <property name="user.home" value="/Users/Admin"/>
    <property name="user.language" value="en"/>
    <property name="java.specification.vendor" value="Oracle Corporation"/>
    <property name="java.home" value="/Library/Java/JavaVirtualMachines/jdk1.8.0_131.jdk/Contents/Home/jre"/>
    <property name="basedir" value="/Users/Admin/eclipse-workspace/BestBuyAPIAutomation"/>
    <property name="file.separator" value="/"/>
    <property name="line.separator" value="&#10;"/>
    <property name="java.vm.specification.vendor" value="Oracle Corporation"/>
    <property name="java.specification.name" value="Java Platform API Specification"/>
    <property name="java.awt.graphicsenv" value="sun.awt.CGraphicsEnvironment"/>
    <property name="surefire.real.class.path" value="/Users/Admin/eclipse-workspace/BestBuyAPIAutomation/target/surefire/surefirebooter4852216678674016920.jar"/>
    <property name="sun.boot.class.path" value="/Library/Java/JavaVirtualMachines/jdk1.8.0_131.jdk/Contents/Home/jre/lib/resources.jar:/Library/Java/JavaVirtualMachines/jdk1.8.0_131.jdk/Contents/Home/jre/lib/rt.jar:/Library/Java/JavaVirtualMachines/jdk1.8.0_131.jdk/Contents/Home/jre/lib/sunrsasign.jar:/Library/Java/JavaVirtualMachines/jdk1.8.0_131.jdk/Contents/Home/jre/lib/jsse.jar:/Library/Java/JavaVirtualMachines/jdk1.8.0_131.jdk/Contents/Home/jre/lib/jce.jar:/Library/Java/JavaVirtualMachines/jdk1.8.0_131.jdk/Contents/Home/jre/lib/charsets.jar:/Library/Java/JavaVirtualMachines/jdk1.8.0_131.jdk/Contents/Home/jre/lib/jfr.jar:/Library/Java/JavaVirtualMachines/jdk1.8.0_131.jdk/Contents/Home/jre/classes"/>
    <property name="sun.management.compiler" value="HotSpot 64-Bit Tiered Compilers"/>
    <property name="java.runtime.version" value="1.8.0_131-b11"/>
    <property name="user.name" value="manoj.hans"/>
    <property name="path.separator" value=":"/>
    <property name="os.version" value="10.13.5"/>
    <property name="java.endorsed.dirs" value="/Library/Java/JavaVirtualMachines/jdk1.8.0_131.jdk/Contents/Home/jre/lib/endorsed"/>
    <property name="java.runtime.name" value="Java(TM) SE Runtime Environment"/>
    <property name="file.encoding" value="UTF-8"/>
    <property name="java.vm.name" value="Java HotSpot(TM) 64-Bit Server VM"/>
    <property name="localRepository" value="/Users/Admin/.m2/repository"/>
    <property name="java.vendor.url.bug" value="http://bugreport.sun.com/bugreport/"/>
    <property name="java.io.tmpdir" value="/var/folders/gv/q1s48w013ml3g_7cx3ts0bbw0000gp/T/"/>
    <property name="java.version" value="1.8.0_131"/>
    <property name="user.dir" value="/Users/Admin/eclipse-workspace/BestBuyAPIAutomation"/>
    <property name="os.arch" value="x86_64"/>
    <property name="java.vm.specification.name" value="Java Virtual Machine Specification"/>
    <property name="java.awt.printerjob" value="sun.lwawt.macosx.CPrinterJob"/>
    <property name="sun.os.patch.level" value="unknown"/>
    <property name="java.library.path" value="/Users/Admin/Library/Java/Extensions:/Library/Java/Extensions:/Network/Library/Java/Extensions:/System/Library/Java/Extensions:/usr/lib/java:."/>
    <property name="java.vm.info" value="mixed mode"/>
    <property name="java.vendor" value="Oracle Corporation"/>
    <property name="java.vm.version" value="25.131-b11"/>
    <property name="java.ext.dirs" value="/Users/Admin/Library/Java/Extensions:/Library/Java/JavaVirtualMachines/jdk1.8.0_131.jdk/Contents/Home/jre/lib/ext:/Library/Java/Extensions:/Network/Library/Java/Extensions:/System/Library/Java/Extensions:/usr/lib/java"/>
    <property name="sun.io.unicode.encoding" value="UnicodeBig"/>
    <property name="java.class.version" value="52.0"/>
  </properties>
  <testcase name="verifyCreateCategoryWithBlankData" classname="com.api.tests.CategoriesTest" time="0.379"/>
  <testcase name="verifyCreateCategoryWithValidData" classname="com.api.tests.CategoriesTest" time="0.09"/>
  <testcase name="verifyGetAllCategoriesByDefault" classname="com.api.tests.CategoriesTest" time="0.081"/>
  <testcase name="verifyGetCategoryByID" classname="com.api.tests.CategoriesTest" time="0.082"/>
  <testcase name="verifyGetCategoryFilterByLimit" classname="com.api.tests.CategoriesTest" time="0.04"/>
  <testcase name="verifyGetInvalidCategory" classname="com.api.tests.CategoriesTest" time="0.006"/>
  <testcase name="verifyCreateServiceWithBlankData" classname="com.api.tests.ServicesTest" time="0.008"/>
  <testcase name="verifyCreateServiceWithValidData" classname="com.api.tests.ServicesTest" time="0.014"/>
  <testcase name="verifyGetAllServicesByDefault" classname="com.api.tests.ServicesTest" time="0.007"/>
  <testcase name="verifyGetInvalidService" classname="com.api.tests.ServicesTest" time="0.005"/>
  <testcase name="verifyGetServiceByID" classname="com.api.tests.ServicesTest" time="0.008"/>
  <testcase name="verifyGetServiceFilterByLimit" classname="com.api.tests.ServicesTest" time="0.006"/>
  <testcase name="verifyCreateProductWithBlankData" classname="com.api.tests.ProductsTest" time="0.008"/>
  <testcase name="verifyCreateProductWithValidData" classname="com.api.tests.ProductsTest" time="0.014"/>
  <testcase name="verifyGetAllProductsByDefault" classname="com.api.tests.ProductsTest" time="0.194"/>
  <testcase name="verifyGetInvalidProduct" classname="com.api.tests.ProductsTest" time="0.008"/>
  <testcase name="verifyGetProductByID" classname="com.api.tests.ProductsTest" time="0.011"/>
  <testcase name="verifyGetProductFilterByLimit" classname="com.api.tests.ProductsTest" time="0.222"/>
  <testcase name="verifyCreateStoreWithBlankData" classname="com.api.tests.StoresTest" time="0.009"/>
  <testcase name="verifyCreateStoreWithValidData" classname="com.api.tests.StoresTest" time="0.016"/>
  <testcase name="verifyGetAllStoreByDefault" classname="com.api.tests.StoresTest" time="0.046"/>
  <testcase name="verifyGetInvalidStore" classname="com.api.tests.StoresTest" time="0.006"/>
  <testcase name="verifyGetStoreByID" classname="com.api.tests.StoresTest" time="0.013"/>
  <testcase name="verifyGetStoreFilterByLimit" classname="com.api.tests.StoresTest" time="0.012"/>
</testsuite>