<?xml version="1.0" encoding="UTF-8"?>
<!-- Generated by org.testng.reporters.JUnitReportReporter -->
<testsuite hostname="MACPRO45.local" name="com.qa.tests.ServicesTest" tests="1" failures="0" timestamp="18 Mar 2019 13:39:17 GMT" time="0.355" errors="0">
  <testcase name="verifyGetInvalidService" time="0.355" classname="com.qa.tests.ServicesTest"/>
</testsuite> <!-- com.qa.tests.ServicesTest -->
