<?xml version="1.0" encoding="UTF-8"?>
<!-- Generated by org.testng.reporters.JUnitReportReporter -->
<testsuite hostname="MACPRO45.local" name="com.qa.tests.StoresTest" tests="1" failures="0" timestamp="18 Mar 2019 13:44:56 GMT" time="0.382" errors="0">
  <testcase name="verifyGetInvalidStore" time="0.382" classname="com.qa.tests.StoresTest"/>
</testsuite> <!-- com.qa.tests.StoresTest -->
