<?xml version="1.0" encoding="UTF-8"?>
<!-- Generated by org.testng.reporters.JUnitReportReporter -->
<testsuite hostname="MACPRO45.local" name="com.qa.tests.GetAPITest" tests="2" failures="0" timestamp="18 Mar 2019 04:51:57 GMT" time="3.170" errors="0">
  <testcase name="getAPITestWithoutHeaders" time="2.251" classname="com.qa.tests.GetAPITest"/>
  <testcase name="getAPITestWithHeaders" time="0.919" classname="com.qa.tests.GetAPITest"/>
</testsuite> <!-- com.qa.tests.GetAPITest -->
