<?xml version="1.0" encoding="UTF-8"?>
<!-- Generated by org.testng.reporters.JUnitReportReporter -->
<testsuite hostname="MACPRO45.local" name="com.qa.tests.PostAPITest" tests="1" failures="0" timestamp="18 Mar 2019 06:19:01 GMT" time="2.119" errors="0">
  <testcase name="postAPITest" time="2.119" classname="com.qa.tests.PostAPITest"/>
</testsuite> <!-- com.qa.tests.PostAPITest -->
