<?xml version="1.0" encoding="UTF-8"?>
<!-- Generated by org.testng.reporters.JUnitReportReporter -->
<testsuite hostname="MACPRO45.local" name="com.qa.tests.ProductsTest" tests="6" failures="0" timestamp="18 Mar 2019 13:47:50 GMT" time="0.886" errors="0">
  <testcase name="verifyCreateProductWithBlankData" time="0.372" classname="com.qa.tests.ProductsTest"/>
  <testcase name="verifyGetAllProductsByDefault" time="0.187" classname="com.qa.tests.ProductsTest"/>
  <testcase name="verifyGetProductByID" time="0.046" classname="com.qa.tests.ProductsTest"/>
  <testcase name="verifyCreateProductWithValidData" time="0.079" classname="com.qa.tests.ProductsTest"/>
  <testcase name="verifyGetInvalidProduct" time="0.025" classname="com.qa.tests.ProductsTest"/>
  <testcase name="verifyGetProductFilterByLimit" time="0.177" classname="com.qa.tests.ProductsTest"/>
</testsuite> <!-- com.qa.tests.ProductsTest -->
