<?xml version="1.0" encoding="UTF-8"?>
<!-- Generated by org.testng.reporters.JUnitReportReporter -->
<testsuite hostname="MACPRO45.local" name="com.qa.tests.CategoriesTest" tests="6" failures="0" timestamp="18 Mar 2019 13:47:12 GMT" time="0.657" errors="0">
  <testcase name="verifyGetCategoryByID" time="0.073" classname="com.qa.tests.CategoriesTest"/>
  <testcase name="verifyCreateCategoryWithBlankData" time="0.370" classname="com.qa.tests.CategoriesTest"/>
  <testcase name="verifyGetAllCategoriesByDefault" time="0.084" classname="com.qa.tests.CategoriesTest"/>
  <testcase name="verifyGetCategoryFilterByLimit" time="0.043" classname="com.qa.tests.CategoriesTest"/>
  <testcase name="verifyGetInvalidCategory" time="0.008" classname="com.qa.tests.CategoriesTest"/>
  <testcase name="verifyCreateCategoryWithValidData" time="0.079" classname="com.qa.tests.CategoriesTest"/>
</testsuite> <!-- com.qa.tests.CategoriesTest -->
