<?xml version="1.0" encoding="UTF-8"?>
<!-- Generated by org.testng.reporters.JUnitReportReporter -->
<testsuite hostname="MACPRO45.local" name="com.api.tests.StoresTest" tests="6" failures="0" timestamp="18 Mar 2019 13:52:55 GMT" time="0.101" errors="0">
  <testcase name="verifyCreateStoreWithValidData" time="0.016" classname="com.api.tests.StoresTest"/>
  <testcase name="verifyGetInvalidStore" time="0.006" classname="com.api.tests.StoresTest"/>
  <testcase name="verifyGetStoreFilterByLimit" time="0.012" classname="com.api.tests.StoresTest"/>
  <testcase name="verifyGetStoreByID" time="0.012" classname="com.api.tests.StoresTest"/>
  <testcase name="verifyGetAllStoreByDefault" time="0.047" classname="com.api.tests.StoresTest"/>
  <testcase name="verifyCreateStoreWithBlankData" time="0.008" classname="com.api.tests.StoresTest"/>
</testsuite> <!-- com.api.tests.StoresTest -->
