<?xml version="1.0" encoding="UTF-8"?>
<!-- Generated by org.testng.reporters.JUnitReportReporter -->
<testsuite hostname="MACPRO45.local" name="com.api.tests.ProductsTest" tests="6" failures="0" timestamp="18 Mar 2019 13:52:55 GMT" time="0.461" errors="0">
  <testcase name="verifyGetProductByID" time="0.013" classname="com.api.tests.ProductsTest"/>
  <testcase name="verifyGetProductFilterByLimit" time="0.222" classname="com.api.tests.ProductsTest"/>
  <testcase name="verifyGetAllProductsByDefault" time="0.195" classname="com.api.tests.ProductsTest"/>
  <testcase name="verifyCreateProductWithBlankData" time="0.009" classname="com.api.tests.ProductsTest"/>
  <testcase name="verifyCreateProductWithValidData" time="0.014" classname="com.api.tests.ProductsTest"/>
  <testcase name="verifyGetInvalidProduct" time="0.008" classname="com.api.tests.ProductsTest"/>
</testsuite> <!-- com.api.tests.ProductsTest -->
