<?xml version="1.0" encoding="UTF-8"?>
<!-- Generated by org.testng.reporters.JUnitReportReporter -->
<testsuite hostname="MACPRO45.local" name="com.api.tests.ServicesTest" tests="6" failures="0" timestamp="18 Mar 2019 13:52:55 GMT" time="0.050" errors="0">
  <testcase name="verifyCreateServiceWithBlankData" time="0.008" classname="com.api.tests.ServicesTest"/>
  <testcase name="verifyCreateServiceWithValidData" time="0.015" classname="com.api.tests.ServicesTest"/>
  <testcase name="verifyGetAllServicesByDefault" time="0.007" classname="com.api.tests.ServicesTest"/>
  <testcase name="verifyGetInvalidService" time="0.005" classname="com.api.tests.ServicesTest"/>
  <testcase name="verifyGetServiceFilterByLimit" time="0.006" classname="com.api.tests.ServicesTest"/>
  <testcase name="verifyGetServiceByID" time="0.009" classname="com.api.tests.ServicesTest"/>
</testsuite> <!-- com.api.tests.ServicesTest -->
