<?xml version="1.0" encoding="UTF-8"?>
<!-- Generated by org.testng.reporters.JUnitReportReporter -->
<testsuite hostname="MACPRO45.local" name="com.api.tests.CategoriesTest" tests="6" failures="0" timestamp="18 Mar 2019 13:52:55 GMT" time="0.686" errors="0">
  <testcase name="verifyCreateCategoryWithValidData" time="0.097" classname="com.api.tests.CategoriesTest"/>
  <testcase name="verifyCreateCategoryWithBlankData" time="0.378" classname="com.api.tests.CategoriesTest"/>
  <testcase name="verifyGetCategoryByID" time="0.082" classname="com.api.tests.CategoriesTest"/>
  <testcase name="verifyGetInvalidCategory" time="0.007" classname="com.api.tests.CategoriesTest"/>
  <testcase name="verifyGetCategoryFilterByLimit" time="0.040" classname="com.api.tests.CategoriesTest"/>
  <testcase name="verifyGetAllCategoriesByDefault" time="0.082" classname="com.api.tests.CategoriesTest"/>
</testsuite> <!-- com.api.tests.CategoriesTest -->
